[+] Containers:
 |- [+] Container: /Game/TopDown/Maps/TopDownMap
 |   |- [+] ActorDescs:
 |   |   |- Guid:147C8D134B12D635012D5F8C57D2C96F NativeClass:/Script/Engine.PostProcessVolume Name:PostProcessVolume_1 Label:PostProcessVolume SpatiallyLoaded:false EditorBounds:IsValid=true, Min=(X=0.000 Y=0.000 Z=400.000), Max=(X=200.000 Y=200.000 Z=600.000) RuntimeBounds:IsValid=true, Min=(X=0.000 Y=0.000 Z=400.000), Max=(X=200.000 Y=200.000 Z=600.000) RuntimeGrid:None EditorOnly:false RuntimeOnly:false HLODRelevant:false ListedInSceneOutliner:true IsMainWorldOnly:false FolderPath:Lighting FolderGuid:4C9334684BA61B42C769F799D2576455
 |   |   |- Guid:1742DF43475F097453197AA79C7473D9 NativeClass:/Script/Engine.SkyLight Name:SkyLight_1 Label:SkyLight SpatiallyLoaded:false EditorBounds:IsValid=true, Min=(X=0.000 Y=0.000 Z=690.000), Max=(X=0.000 Y=0.000 Z=690.000) RuntimeBounds:IsValid=true, Min=(X=0.000 Y=0.000 Z=690.000), Max=(X=0.000 Y=0.000 Z=690.000) RuntimeGrid:None EditorOnly:false RuntimeOnly:false HLODRelevant:false ListedInSceneOutliner:true IsMainWorldOnly:false FolderPath:Lighting FolderGuid:4C9334684BA61B42C769F799D2576455
 |   |   |- Guid:1FEC8FAC495CEF0CE32492ADCBB96BAE NativeClass:/Script/AIModule.NavLinkProxy Name:NavLinkProxy_3 Label:NavLinkProxy3 SpatiallyLoaded:true EditorBounds:IsValid=true, Min=(X=2240.000 Y=1030.000 Z=90.000), Max=(X=2240.000 Y=1030.000 Z=90.000) RuntimeBounds:IsValid=true, Min=(X=2240.000 Y=1030.000 Z=90.000), Max=(X=2240.000 Y=1030.000 Z=90.000) RuntimeGrid:None EditorOnly:false RuntimeOnly:false HLODRelevant:false ListedInSceneOutliner:true IsMainWorldOnly:false FolderPath:Navigation FolderGuid:AE45D61F453CC144CF8289862C276E89
 |   |   |- Guid:2169CB5C470E0E674279BA96829753DD NativeClass:/Script/Engine.StaticMeshActor Name:StaticMeshActor_17 Label:SM_Cube SpatiallyLoaded:true EditorBounds:IsValid=true, Min=(X=-10.000 Y=0.000 Z=-50.000), Max=(X=4254.287 Y=4975.000 Z=0.000) RuntimeBounds:IsValid=true, Min=(X=-10.000 Y=0.000 Z=-50.000), Max=(X=4254.287 Y=4975.000 Z=0.000) RuntimeGrid:None EditorOnly:false RuntimeOnly:false HLODRelevant:true ListedInSceneOutliner:true IsMainWorldOnly:false FolderPath:Playground FolderGuid:9FE5E8B349AF71F05F2688921F3F2AC5
 |   |   |- Guid:236055954F1A1B3A45BAEF8C607F9735 BaseClass:/Game/TopDown/Blueprints/Spell/BP_ItemDrop.BP_ItemDrop_C NativeClass:/Script/Engine.Actor Name:BP_ItemDrop_C_UAID_74563C4BE40F5DB602_1845750062 Label:BP_ItemDrop2 SpatiallyLoaded:true EditorBounds:IsValid=true, Min=(X=-175.519 Y=-415.519 Z=-75.519), Max=(X=-24.481 Y=-264.481 Z=75.519) RuntimeBounds:IsValid=true, Min=(X=-175.519 Y=-415.519 Z=-75.519), Max=(X=-24.481 Y=-264.481 Z=75.519) RuntimeGrid:None EditorOnly:false RuntimeOnly:false HLODRelevant:false ListedInSceneOutliner:true IsMainWorldOnly:false
 |   |   |- Guid:2DF0D95440BE0EDA81652F860DC7268E NativeClass:/Script/Engine.WorldDataLayers Name:WorldDataLayers Label:WorldDataLayers SpatiallyLoaded:false EditorBounds:IsValid=true, Min=(X=0.000 Y=0.000 Z=0.000), Max=(X=0.000 Y=0.000 Z=0.000) RuntimeBounds:IsValid=true, Min=(X=0.000 Y=0.000 Z=0.000), Max=(X=0.000 Y=0.000 Z=0.000) RuntimeGrid:None EditorOnly:false RuntimeOnly:false HLODRelevant:false ListedInSceneOutliner:true IsMainWorldOnly:true
 |   |   |- Guid:48120AB54B5EE752087653B19A3FB70B BaseClass:/Game/TopDown/Blueprints/Enemies/BP_EnemySpawner.BP_EnemySpawner_C NativeClass:/Script/Engine.Actor Name:BP_EnemySpawner_C_UAID_74563C4BE40F2AA202_1700277959 Label:BP_EnemySpawner SpatiallyLoaded:true EditorBounds:IsValid=true, Min=(X=2060.000 Y=2280.000 Z=0.000), Max=(X=2060.000 Y=2280.000 Z=0.000) RuntimeBounds:IsValid=true, Min=(X=2060.000 Y=2280.000 Z=0.000), Max=(X=2060.000 Y=2280.000 Z=0.000) RuntimeGrid:None EditorOnly:false RuntimeOnly:false HLODRelevant:false ListedInSceneOutliner:true IsMainWorldOnly:false
 |   |   |- Guid:5BA86BA046FC639E9B8C318F191CEF1C NativeClass:/Script/Engine.StaticMeshActor Name:StaticMeshActor_UAID_74563C4BE40F88B602_1274734632 Label:SM_Cube8 SpatiallyLoaded:true EditorBounds:IsValid=true, Min=(X=-15770.000 Y=4800.000 Z=-310.000), Max=(X=4230.000 Y=5688.750 Z=657.500) RuntimeBounds:IsValid=true, Min=(X=-15770.000 Y=4800.000 Z=-310.000), Max=(X=4230.000 Y=5688.750 Z=657.500) RuntimeGrid:None EditorOnly:false RuntimeOnly:false HLODRelevant:true ListedInSceneOutliner:true IsMainWorldOnly:false FolderPath:Playground FolderGuid:9FE5E8B349AF71F05F2688921F3F2AC5
 |   |   |- Guid:6252C7D64ACF162A73EE65B11FE214D1 NativeClass:/Script/Engine.SkyAtmosphere Name:SkyAtmosphere_1 Label:SkyAtmosphere SpatiallyLoaded:false EditorBounds:IsValid=true, Min=(X=0.000 Y=0.000 Z=1020.000), Max=(X=0.000 Y=0.000 Z=1020.000) RuntimeBounds:IsValid=true, Min=(X=0.000 Y=0.000 Z=1020.000), Max=(X=0.000 Y=0.000 Z=1020.000) RuntimeGrid:None EditorOnly:false RuntimeOnly:false HLODRelevant:false ListedInSceneOutliner:true IsMainWorldOnly:false FolderPath:Lighting FolderGuid:4C9334684BA61B42C769F799D2576455
 |   |   |- Guid:66BCBF874D2A22ADC6523B95EE812CA3 NativeClass:/Script/Engine.StaticMeshActor Name:StaticMeshActor_UAID_A4AE111137DC5CFB00_1660657071 Label:SM_SkySphere SpatiallyLoaded:false EditorBounds:IsValid=true, Min=(X=-1638400.000 Y=-1638400.000 Z=-1638400.000), Max=(X=1638400.000 Y=1638400.000 Z=1638400.000) RuntimeBounds:IsValid=true, Min=(X=-1638400.000 Y=-1638400.000 Z=-1638400.000), Max=(X=1638400.000 Y=1638400.000 Z=1638400.000) RuntimeGrid:None EditorOnly:false RuntimeOnly:false HLODRelevant:true ListedInSceneOutliner:true IsMainWorldOnly:false FolderPath:Lighting FolderGuid:4C9334684BA61B42C769F799D2576455
 |   |   |- Guid:77F893B3468595EE782136AD620D7EF4 NativeClass:/Script/Engine.VolumetricCloud Name:VolumetricCloud_0 Label:VolumetricCloud SpatiallyLoaded:false EditorBounds:IsValid=true, Min=(X=0.000 Y=0.000 Z=820.000), Max=(X=0.000 Y=0.000 Z=820.000) RuntimeBounds:IsValid=true, Min=(X=0.000 Y=0.000 Z=820.000), Max=(X=0.000 Y=0.000 Z=820.000) RuntimeGrid:None EditorOnly:false RuntimeOnly:false HLODRelevant:false ListedInSceneOutliner:true IsMainWorldOnly:false FolderPath:Lighting FolderGuid:4C9334684BA61B42C769F799D2576455
 |   |   |- Guid:8E5006AE4112AE4DD4D38EB8459F5282 NativeClass:/Script/Engine.StaticMeshActor Name:StaticMeshActor_UAID_74563C4BE40F88B602_1260176631 Label:SM_Cube7 SpatiallyLoaded:true EditorBounds:IsValid=true, Min=(X=-15770.000 Y=-5490.000 Z=-310.000), Max=(X=4230.000 Y=-4601.250 Z=657.500) RuntimeBounds:IsValid=true, Min=(X=-15770.000 Y=-5490.000 Z=-310.000), Max=(X=4230.000 Y=-4601.250 Z=657.500) RuntimeGrid:None EditorOnly:false RuntimeOnly:false HLODRelevant:true ListedInSceneOutliner:true IsMainWorldOnly:false FolderPath:Playground FolderGuid:9FE5E8B349AF71F05F2688921F3F2AC5
 |   |   |- Guid:918AB13A457E19EF5040788CB715D69D BaseClass:/Game/TopDown/Blueprints/Spell/BP_ItemDrop.BP_ItemDrop_C NativeClass:/Script/Engine.Actor Name:BP_ItemDrop_C_UAID_74563C4BE40F5DB602_1842952061 Label:BP_ItemDrop SpatiallyLoaded:true EditorBounds:IsValid=true, Min=(X=-175.519 Y=-75.519 Z=-75.519), Max=(X=-24.481 Y=75.519 Z=75.519) RuntimeBounds:IsValid=true, Min=(X=-175.519 Y=-75.519 Z=-75.519), Max=(X=-24.481 Y=75.519 Z=75.519) RuntimeGrid:None EditorOnly:false RuntimeOnly:false HLODRelevant:false ListedInSceneOutliner:true IsMainWorldOnly:false
 |   |   |- Guid:9D3CEC1047D0172D9910559F38643A86 NativeClass:/Script/Engine.StaticMeshActor Name:StaticMeshActor_UAID_74563C4BE40F88B602_1246362630 Label:SM_Cube6 SpatiallyLoaded:true EditorBounds:IsValid=true, Min=(X=4230.000 Y=-5020.000 Z=-310.000), Max=(X=5118.750 Y=14980.000 Z=657.500) RuntimeBounds:IsValid=true, Min=(X=4230.000 Y=-5020.000 Z=-310.000), Max=(X=5118.750 Y=14980.000 Z=657.500) RuntimeGrid:None EditorOnly:false RuntimeOnly:false HLODRelevant:true ListedInSceneOutliner:true IsMainWorldOnly:false FolderPath:Playground FolderGuid:9FE5E8B349AF71F05F2688921F3F2AC5
 |   |   |- Guid:9F24CDE74CC5772B74C524970B0B3A1D NativeClass:/Script/Engine.StaticMeshActor Name:StaticMeshActor_UAID_74563C4BE40F88B602_1152043626 Label:SM_Cube2 SpatiallyLoaded:true EditorBounds:IsValid=true, Min=(X=-10.000 Y=-4970.000 Z=-50.000), Max=(X=4254.287 Y=5.000 Z=0.000) RuntimeBounds:IsValid=true, Min=(X=-10.000 Y=-4970.000 Z=-50.000), Max=(X=4254.287 Y=5.000 Z=0.000) RuntimeGrid:None EditorOnly:false RuntimeOnly:false HLODRelevant:true ListedInSceneOutliner:true IsMainWorldOnly:false FolderPath:Playground FolderGuid:9FE5E8B349AF71F05F2688921F3F2AC5
 |   |   |- Guid:AAA9585A45DDEAF618A2E39E559DFF0F NativeClass:/Script/Engine.StaticMeshActor Name:StaticMeshActor_UAID_74563C4BE40F88B602_1180327628 Label:SM_Cube4 SpatiallyLoaded:true EditorBounds:IsValid=true, Min=(X=-4220.000 Y=-4960.000 Z=-50.000), Max=(X=44.287 Y=15.000 Z=0.000) RuntimeBounds:IsValid=true, Min=(X=-4220.000 Y=-4960.000 Z=-50.000), Max=(X=44.287 Y=15.000 Z=0.000) RuntimeGrid:None EditorOnly:false RuntimeOnly:false HLODRelevant:true ListedInSceneOutliner:true IsMainWorldOnly:false FolderPath:Playground FolderGuid:9FE5E8B349AF71F05F2688921F3F2AC5
 |   |   |- Guid:AECEEEE741E6DE68F6843FA49564A956 NativeClass:/Script/Engine.DirectionalLight Name:DirectionalLight_1 Label:DirectionalLight SpatiallyLoaded:false EditorBounds:IsValid=true, Min=(X=-1048576.000 Y=-1048576.000 Z=-1048576.000), Max=(X=1048576.000 Y=1048576.000 Z=1048576.000) RuntimeBounds:IsValid=true, Min=(X=-1048576.000 Y=-1048576.000 Z=-1048576.000), Max=(X=1048576.000 Y=1048576.000 Z=1048576.000) RuntimeGrid:None EditorOnly:false RuntimeOnly:false HLODRelevant:false ListedInSceneOutliner:true IsMainWorldOnly:false FolderPath:Lighting FolderGuid:4C9334684BA61B42C769F799D2576455
 |   |   |- Guid:CCDD89584E0A9025F52AEDA51D60CA54 NativeClass:/Script/NavigationSystem.NavMeshBoundsVolume Name:NavMeshBoundsVolume_1 Label:NavMeshBoundsVolume SpatiallyLoaded:false EditorBounds:IsValid=true, Min=(X=-100.000 Y=-100.000 Z=-110.000), Max=(X=3100.000 Y=3600.000 Z=390.000) RuntimeBounds:IsValid=true, Min=(X=-100.000 Y=-100.000 Z=-110.000), Max=(X=3100.000 Y=3600.000 Z=390.000) RuntimeGrid:None EditorOnly:false RuntimeOnly:false HLODRelevant:false ListedInSceneOutliner:true IsMainWorldOnly:false FolderPath:Navigation FolderGuid:AE45D61F453CC144CF8289862C276E89
 |   |   |- Guid:D24D61B944EF71BE7BC469B7EB239299 NativeClass:/Script/Engine.ExponentialHeightFog Name:ExponentialHeightFog_1 Label:ExponentialHeightFog SpatiallyLoaded:false EditorBounds:IsValid=true, Min=(X=-5600.000 Y=-50.000 Z=-6850.000), Max=(X=-5600.000 Y=-50.000 Z=-6850.000) RuntimeBounds:IsValid=true, Min=(X=-5600.000 Y=-50.000 Z=-6850.000), Max=(X=-5600.000 Y=-50.000 Z=-6850.000) RuntimeGrid:None EditorOnly:false RuntimeOnly:false HLODRelevant:false ListedInSceneOutliner:true IsMainWorldOnly:false FolderPath:Lighting FolderGuid:4C9334684BA61B42C769F799D2576455
 |   |   |- Guid:D3E7299249CDC6ABF05E07AA118DE110 NativeClass:/Script/Engine.StaticMeshActor Name:StaticMeshActor_UAID_74563C4BE40F88B602_1161143627 Label:SM_Cube3 SpatiallyLoaded:true EditorBounds:IsValid=true, Min=(X=-4220.000 Y=0.000 Z=-50.000), Max=(X=44.287 Y=4975.000 Z=0.000) RuntimeBounds:IsValid=true, Min=(X=-4220.000 Y=0.000 Z=-50.000), Max=(X=44.287 Y=4975.000 Z=0.000) RuntimeGrid:None EditorOnly:false RuntimeOnly:false HLODRelevant:true ListedInSceneOutliner:true IsMainWorldOnly:false FolderPath:Playground FolderGuid:9FE5E8B349AF71F05F2688921F3F2AC5
 |   |   |- Guid:E457204341393D0BF2CCEAAF6DD4EE9F NativeClass:/Script/Engine.StaticMeshActor Name:StaticMeshActor_UAID_74563C4BE40F88B602_1203669629 Label:SM_Cube5 SpatiallyLoaded:true EditorBounds:IsValid=true, Min=(X=-5030.000 Y=-5020.000 Z=-310.000), Max=(X=-4141.250 Y=14980.000 Z=657.500) RuntimeBounds:IsValid=true, Min=(X=-5030.000 Y=-5020.000 Z=-310.000), Max=(X=-4141.250 Y=14980.000 Z=657.500) RuntimeGrid:None EditorOnly:false RuntimeOnly:false HLODRelevant:true ListedInSceneOutliner:true IsMainWorldOnly:false FolderPath:Playground FolderGuid:9FE5E8B349AF71F05F2688921F3F2AC5
 |   |   |- Guid:F33CC5014C49925B3A9D52A063AF483F NativeClass:/Script/Engine.PlayerStart Name:PlayerStart_0 Label:PlayerStart SpatiallyLoaded:false EditorBounds:IsValid=true, Min=(X=-248.000 Y=-318.000 Z=-35.987), Max=(X=120.000 Y=-62.000 Z=220.013) RuntimeBounds:IsValid=true, Min=(X=-160.000 Y=-230.000 Z=0.013), Max=(X=-80.000 Y=-150.000 Z=184.013) RuntimeGrid:None EditorOnly:false RuntimeOnly:false HLODRelevant:false ListedInSceneOutliner:true IsMainWorldOnly:false
 |   |- [+] Clusters:
 |   |   |- [+] [  0]
 |   |   |   |- Guid:147C8D134B12D635012D5F8C57D2C96F NativeClass:/Script/Engine.PostProcessVolume Name:PostProcessVolume_1 Label:PostProcessVolume SpatiallyLoaded:false EditorBounds:IsValid=true, Min=(X=0.000 Y=0.000 Z=400.000), Max=(X=200.000 Y=200.000 Z=600.000) RuntimeBounds:IsValid=true, Min=(X=0.000 Y=0.000 Z=400.000), Max=(X=200.000 Y=200.000 Z=600.000) RuntimeGrid:None EditorOnly:false RuntimeOnly:false HLODRelevant:false ListedInSceneOutliner:true IsMainWorldOnly:false FolderPath:Lighting FolderGuid:4C9334684BA61B42C769F799D2576455
 |   |   |- [+] [  1]
 |   |   |   |- Guid:1742DF43475F097453197AA79C7473D9 NativeClass:/Script/Engine.SkyLight Name:SkyLight_1 Label:SkyLight SpatiallyLoaded:false EditorBounds:IsValid=true, Min=(X=0.000 Y=0.000 Z=690.000), Max=(X=0.000 Y=0.000 Z=690.000) RuntimeBounds:IsValid=true, Min=(X=0.000 Y=0.000 Z=690.000), Max=(X=0.000 Y=0.000 Z=690.000) RuntimeGrid:None EditorOnly:false RuntimeOnly:false HLODRelevant:false ListedInSceneOutliner:true IsMainWorldOnly:false FolderPath:Lighting FolderGuid:4C9334684BA61B42C769F799D2576455
 |   |   |- [+] [  2]
 |   |   |   |- Guid:1FEC8FAC495CEF0CE32492ADCBB96BAE NativeClass:/Script/AIModule.NavLinkProxy Name:NavLinkProxy_3 Label:NavLinkProxy3 SpatiallyLoaded:true EditorBounds:IsValid=true, Min=(X=2240.000 Y=1030.000 Z=90.000), Max=(X=2240.000 Y=1030.000 Z=90.000) RuntimeBounds:IsValid=true, Min=(X=2240.000 Y=1030.000 Z=90.000), Max=(X=2240.000 Y=1030.000 Z=90.000) RuntimeGrid:None EditorOnly:false RuntimeOnly:false HLODRelevant:false ListedInSceneOutliner:true IsMainWorldOnly:false FolderPath:Navigation FolderGuid:AE45D61F453CC144CF8289862C276E89
 |   |   |- [+] [  3]
 |   |   |   |- Guid:2169CB5C470E0E674279BA96829753DD NativeClass:/Script/Engine.StaticMeshActor Name:StaticMeshActor_17 Label:SM_Cube SpatiallyLoaded:true EditorBounds:IsValid=true, Min=(X=-10.000 Y=0.000 Z=-50.000), Max=(X=4254.287 Y=4975.000 Z=0.000) RuntimeBounds:IsValid=true, Min=(X=-10.000 Y=0.000 Z=-50.000), Max=(X=4254.287 Y=4975.000 Z=0.000) RuntimeGrid:None EditorOnly:false RuntimeOnly:false HLODRelevant:true ListedInSceneOutliner:true IsMainWorldOnly:false FolderPath:Playground FolderGuid:9FE5E8B349AF71F05F2688921F3F2AC5
 |   |   |- [+] [  4]
 |   |   |   |- Guid:236055954F1A1B3A45BAEF8C607F9735 BaseClass:/Game/TopDown/Blueprints/Spell/BP_ItemDrop.BP_ItemDrop_C NativeClass:/Script/Engine.Actor Name:BP_ItemDrop_C_UAID_74563C4BE40F5DB602_1845750062 Label:BP_ItemDrop2 SpatiallyLoaded:true EditorBounds:IsValid=true, Min=(X=-175.519 Y=-415.519 Z=-75.519), Max=(X=-24.481 Y=-264.481 Z=75.519) RuntimeBounds:IsValid=true, Min=(X=-175.519 Y=-415.519 Z=-75.519), Max=(X=-24.481 Y=-264.481 Z=75.519) RuntimeGrid:None EditorOnly:false RuntimeOnly:false HLODRelevant:false ListedInSceneOutliner:true IsMainWorldOnly:false
 |   |   |- [+] [  5]
 |   |   |   |- Guid:2DF0D95440BE0EDA81652F860DC7268E NativeClass:/Script/Engine.WorldDataLayers Name:WorldDataLayers Label:WorldDataLayers SpatiallyLoaded:false EditorBounds:IsValid=true, Min=(X=0.000 Y=0.000 Z=0.000), Max=(X=0.000 Y=0.000 Z=0.000) RuntimeBounds:IsValid=true, Min=(X=0.000 Y=0.000 Z=0.000), Max=(X=0.000 Y=0.000 Z=0.000) RuntimeGrid:None EditorOnly:false RuntimeOnly:false HLODRelevant:false ListedInSceneOutliner:true IsMainWorldOnly:true
 |   |   |- [+] [  6]
 |   |   |   |- Guid:48120AB54B5EE752087653B19A3FB70B BaseClass:/Game/TopDown/Blueprints/Enemies/BP_EnemySpawner.BP_EnemySpawner_C NativeClass:/Script/Engine.Actor Name:BP_EnemySpawner_C_UAID_74563C4BE40F2AA202_1700277959 Label:BP_EnemySpawner SpatiallyLoaded:true EditorBounds:IsValid=true, Min=(X=2060.000 Y=2280.000 Z=0.000), Max=(X=2060.000 Y=2280.000 Z=0.000) RuntimeBounds:IsValid=true, Min=(X=2060.000 Y=2280.000 Z=0.000), Max=(X=2060.000 Y=2280.000 Z=0.000) RuntimeGrid:None EditorOnly:false RuntimeOnly:false HLODRelevant:false ListedInSceneOutliner:true IsMainWorldOnly:false
 |   |   |- [+] [  7]
 |   |   |   |- Guid:5BA86BA046FC639E9B8C318F191CEF1C NativeClass:/Script/Engine.StaticMeshActor Name:StaticMeshActor_UAID_74563C4BE40F88B602_1274734632 Label:SM_Cube8 SpatiallyLoaded:true EditorBounds:IsValid=true, Min=(X=-15770.000 Y=4800.000 Z=-310.000), Max=(X=4230.000 Y=5688.750 Z=657.500) RuntimeBounds:IsValid=true, Min=(X=-15770.000 Y=4800.000 Z=-310.000), Max=(X=4230.000 Y=5688.750 Z=657.500) RuntimeGrid:None EditorOnly:false RuntimeOnly:false HLODRelevant:true ListedInSceneOutliner:true IsMainWorldOnly:false FolderPath:Playground FolderGuid:9FE5E8B349AF71F05F2688921F3F2AC5
 |   |   |- [+] [  8]
 |   |   |   |- Guid:6252C7D64ACF162A73EE65B11FE214D1 NativeClass:/Script/Engine.SkyAtmosphere Name:SkyAtmosphere_1 Label:SkyAtmosphere SpatiallyLoaded:false EditorBounds:IsValid=true, Min=(X=0.000 Y=0.000 Z=1020.000), Max=(X=0.000 Y=0.000 Z=1020.000) RuntimeBounds:IsValid=true, Min=(X=0.000 Y=0.000 Z=1020.000), Max=(X=0.000 Y=0.000 Z=1020.000) RuntimeGrid:None EditorOnly:false RuntimeOnly:false HLODRelevant:false ListedInSceneOutliner:true IsMainWorldOnly:false FolderPath:Lighting FolderGuid:4C9334684BA61B42C769F799D2576455
 |   |   |- [+] [  9]
 |   |   |   |- Guid:66BCBF874D2A22ADC6523B95EE812CA3 NativeClass:/Script/Engine.StaticMeshActor Name:StaticMeshActor_UAID_A4AE111137DC5CFB00_1660657071 Label:SM_SkySphere SpatiallyLoaded:false EditorBounds:IsValid=true, Min=(X=-1638400.000 Y=-1638400.000 Z=-1638400.000), Max=(X=1638400.000 Y=1638400.000 Z=1638400.000) RuntimeBounds:IsValid=true, Min=(X=-1638400.000 Y=-1638400.000 Z=-1638400.000), Max=(X=1638400.000 Y=1638400.000 Z=1638400.000) RuntimeGrid:None EditorOnly:false RuntimeOnly:false HLODRelevant:true ListedInSceneOutliner:true IsMainWorldOnly:false FolderPath:Lighting FolderGuid:4C9334684BA61B42C769F799D2576455
 |   |   |- [+] [ 10]
 |   |   |   |- Guid:77F893B3468595EE782136AD620D7EF4 NativeClass:/Script/Engine.VolumetricCloud Name:VolumetricCloud_0 Label:VolumetricCloud SpatiallyLoaded:false EditorBounds:IsValid=true, Min=(X=0.000 Y=0.000 Z=820.000), Max=(X=0.000 Y=0.000 Z=820.000) RuntimeBounds:IsValid=true, Min=(X=0.000 Y=0.000 Z=820.000), Max=(X=0.000 Y=0.000 Z=820.000) RuntimeGrid:None EditorOnly:false RuntimeOnly:false HLODRelevant:false ListedInSceneOutliner:true IsMainWorldOnly:false FolderPath:Lighting FolderGuid:4C9334684BA61B42C769F799D2576455
 |   |   |- [+] [ 11]
 |   |   |   |- Guid:8E5006AE4112AE4DD4D38EB8459F5282 NativeClass:/Script/Engine.StaticMeshActor Name:StaticMeshActor_UAID_74563C4BE40F88B602_1260176631 Label:SM_Cube7 SpatiallyLoaded:true EditorBounds:IsValid=true, Min=(X=-15770.000 Y=-5490.000 Z=-310.000), Max=(X=4230.000 Y=-4601.250 Z=657.500) RuntimeBounds:IsValid=true, Min=(X=-15770.000 Y=-5490.000 Z=-310.000), Max=(X=4230.000 Y=-4601.250 Z=657.500) RuntimeGrid:None EditorOnly:false RuntimeOnly:false HLODRelevant:true ListedInSceneOutliner:true IsMainWorldOnly:false FolderPath:Playground FolderGuid:9FE5E8B349AF71F05F2688921F3F2AC5
 |   |   |- [+] [ 12]
 |   |   |   |- Guid:918AB13A457E19EF5040788CB715D69D BaseClass:/Game/TopDown/Blueprints/Spell/BP_ItemDrop.BP_ItemDrop_C NativeClass:/Script/Engine.Actor Name:BP_ItemDrop_C_UAID_74563C4BE40F5DB602_1842952061 Label:BP_ItemDrop SpatiallyLoaded:true EditorBounds:IsValid=true, Min=(X=-175.519 Y=-75.519 Z=-75.519), Max=(X=-24.481 Y=75.519 Z=75.519) RuntimeBounds:IsValid=true, Min=(X=-175.519 Y=-75.519 Z=-75.519), Max=(X=-24.481 Y=75.519 Z=75.519) RuntimeGrid:None EditorOnly:false RuntimeOnly:false HLODRelevant:false ListedInSceneOutliner:true IsMainWorldOnly:false
 |   |   |- [+] [ 13]
 |   |   |   |- Guid:9D3CEC1047D0172D9910559F38643A86 NativeClass:/Script/Engine.StaticMeshActor Name:StaticMeshActor_UAID_74563C4BE40F88B602_1246362630 Label:SM_Cube6 SpatiallyLoaded:true EditorBounds:IsValid=true, Min=(X=4230.000 Y=-5020.000 Z=-310.000), Max=(X=5118.750 Y=14980.000 Z=657.500) RuntimeBounds:IsValid=true, Min=(X=4230.000 Y=-5020.000 Z=-310.000), Max=(X=5118.750 Y=14980.000 Z=657.500) RuntimeGrid:None EditorOnly:false RuntimeOnly:false HLODRelevant:true ListedInSceneOutliner:true IsMainWorldOnly:false FolderPath:Playground FolderGuid:9FE5E8B349AF71F05F2688921F3F2AC5
 |   |   |- [+] [ 14]
 |   |   |   |- Guid:9F24CDE74CC5772B74C524970B0B3A1D NativeClass:/Script/Engine.StaticMeshActor Name:StaticMeshActor_UAID_74563C4BE40F88B602_1152043626 Label:SM_Cube2 SpatiallyLoaded:true EditorBounds:IsValid=true, Min=(X=-10.000 Y=-4970.000 Z=-50.000), Max=(X=4254.287 Y=5.000 Z=0.000) RuntimeBounds:IsValid=true, Min=(X=-10.000 Y=-4970.000 Z=-50.000), Max=(X=4254.287 Y=5.000 Z=0.000) RuntimeGrid:None EditorOnly:false RuntimeOnly:false HLODRelevant:true ListedInSceneOutliner:true IsMainWorldOnly:false FolderPath:Playground FolderGuid:9FE5E8B349AF71F05F2688921F3F2AC5
 |   |   |- [+] [ 15]
 |   |   |   |- Guid:AAA9585A45DDEAF618A2E39E559DFF0F NativeClass:/Script/Engine.StaticMeshActor Name:StaticMeshActor_UAID_74563C4BE40F88B602_1180327628 Label:SM_Cube4 SpatiallyLoaded:true EditorBounds:IsValid=true, Min=(X=-4220.000 Y=-4960.000 Z=-50.000), Max=(X=44.287 Y=15.000 Z=0.000) RuntimeBounds:IsValid=true, Min=(X=-4220.000 Y=-4960.000 Z=-50.000), Max=(X=44.287 Y=15.000 Z=0.000) RuntimeGrid:None EditorOnly:false RuntimeOnly:false HLODRelevant:true ListedInSceneOutliner:true IsMainWorldOnly:false FolderPath:Playground FolderGuid:9FE5E8B349AF71F05F2688921F3F2AC5
 |   |   |- [+] [ 16]
 |   |   |   |- Guid:AECEEEE741E6DE68F6843FA49564A956 NativeClass:/Script/Engine.DirectionalLight Name:DirectionalLight_1 Label:DirectionalLight SpatiallyLoaded:false EditorBounds:IsValid=true, Min=(X=-1048576.000 Y=-1048576.000 Z=-1048576.000), Max=(X=1048576.000 Y=1048576.000 Z=1048576.000) RuntimeBounds:IsValid=true, Min=(X=-1048576.000 Y=-1048576.000 Z=-1048576.000), Max=(X=1048576.000 Y=1048576.000 Z=1048576.000) RuntimeGrid:None EditorOnly:false RuntimeOnly:false HLODRelevant:false ListedInSceneOutliner:true IsMainWorldOnly:false FolderPath:Lighting FolderGuid:4C9334684BA61B42C769F799D2576455
 |   |   |- [+] [ 17]
 |   |   |   |- Guid:CCDD89584E0A9025F52AEDA51D60CA54 NativeClass:/Script/NavigationSystem.NavMeshBoundsVolume Name:NavMeshBoundsVolume_1 Label:NavMeshBoundsVolume SpatiallyLoaded:false EditorBounds:IsValid=true, Min=(X=-100.000 Y=-100.000 Z=-110.000), Max=(X=3100.000 Y=3600.000 Z=390.000) RuntimeBounds:IsValid=true, Min=(X=-100.000 Y=-100.000 Z=-110.000), Max=(X=3100.000 Y=3600.000 Z=390.000) RuntimeGrid:None EditorOnly:false RuntimeOnly:false HLODRelevant:false ListedInSceneOutliner:true IsMainWorldOnly:false FolderPath:Navigation FolderGuid:AE45D61F453CC144CF8289862C276E89
 |   |   |- [+] [ 18]
 |   |   |   |- Guid:D24D61B944EF71BE7BC469B7EB239299 NativeClass:/Script/Engine.ExponentialHeightFog Name:ExponentialHeightFog_1 Label:ExponentialHeightFog SpatiallyLoaded:false EditorBounds:IsValid=true, Min=(X=-5600.000 Y=-50.000 Z=-6850.000), Max=(X=-5600.000 Y=-50.000 Z=-6850.000) RuntimeBounds:IsValid=true, Min=(X=-5600.000 Y=-50.000 Z=-6850.000), Max=(X=-5600.000 Y=-50.000 Z=-6850.000) RuntimeGrid:None EditorOnly:false RuntimeOnly:false HLODRelevant:false ListedInSceneOutliner:true IsMainWorldOnly:false FolderPath:Lighting FolderGuid:4C9334684BA61B42C769F799D2576455
 |   |   |- [+] [ 19]
 |   |   |   |- Guid:D3E7299249CDC6ABF05E07AA118DE110 NativeClass:/Script/Engine.StaticMeshActor Name:StaticMeshActor_UAID_74563C4BE40F88B602_1161143627 Label:SM_Cube3 SpatiallyLoaded:true EditorBounds:IsValid=true, Min=(X=-4220.000 Y=0.000 Z=-50.000), Max=(X=44.287 Y=4975.000 Z=0.000) RuntimeBounds:IsValid=true, Min=(X=-4220.000 Y=0.000 Z=-50.000), Max=(X=44.287 Y=4975.000 Z=0.000) RuntimeGrid:None EditorOnly:false RuntimeOnly:false HLODRelevant:true ListedInSceneOutliner:true IsMainWorldOnly:false FolderPath:Playground FolderGuid:9FE5E8B349AF71F05F2688921F3F2AC5
 |   |   |- [+] [ 20]
 |   |   |   |- Guid:E457204341393D0BF2CCEAAF6DD4EE9F NativeClass:/Script/Engine.StaticMeshActor Name:StaticMeshActor_UAID_74563C4BE40F88B602_1203669629 Label:SM_Cube5 SpatiallyLoaded:true EditorBounds:IsValid=true, Min=(X=-5030.000 Y=-5020.000 Z=-310.000), Max=(X=-4141.250 Y=14980.000 Z=657.500) RuntimeBounds:IsValid=true, Min=(X=-5030.000 Y=-5020.000 Z=-310.000), Max=(X=-4141.250 Y=14980.000 Z=657.500) RuntimeGrid:None EditorOnly:false RuntimeOnly:false HLODRelevant:true ListedInSceneOutliner:true IsMainWorldOnly:false FolderPath:Playground FolderGuid:9FE5E8B349AF71F05F2688921F3F2AC5
 |   |   |- [+] [ 21]
 |   |   |   |- Guid:F33CC5014C49925B3A9D52A063AF483F NativeClass:/Script/Engine.PlayerStart Name:PlayerStart_0 Label:PlayerStart SpatiallyLoaded:false EditorBounds:IsValid=true, Min=(X=-248.000 Y=-318.000 Z=-35.987), Max=(X=120.000 Y=-62.000 Z=220.013) RuntimeBounds:IsValid=true, Min=(X=-160.000 Y=-230.000 Z=0.013), Max=(X=-80.000 Y=-150.000 Z=184.013) RuntimeGrid:None EditorOnly:false RuntimeOnly:false HLODRelevant:false ListedInSceneOutliner:true IsMainWorldOnly:false
 |- ContainerInstances:
 |- [+] MainContainer:
 |   |-        ID: 00000000000000000000000000000000
 |   |-  ParentID: 00000000000000000000000000000000
 |   |-    Bounds: IsValid=false, Min=(X=0.000 Y=0.000 Z=0.000), Max=(X=0.000 Y=0.000 Z=0.000)
 |   |- Transform: 0.000000,0.000000,0.000000|0.000000,0.000000,-0.000000|1.000000,1.000000,1.000000
 |   |- Container: /Game/TopDown/Maps/TopDownMap
----------------------------------------------------------------------------------------------------------------
TopDownMap - Persistent Level
----------------------------------------------------------------------------------------------------------------
[+] Content of TopDownMap Persistent Level
 |- Always loaded Actor Count: 22 
 |- Actor Path: /Game/TopDown/Maps/TopDownMap.TopDownMap:PersistentLevel.BP_EnemySpawner_C_UAID_74563C4BE40F2AA202_1700277959
 |- Actor Package: /Game/__ExternalActors__/TopDown/Maps/TopDownMap/E/H2/6EP7AGJALYCK7PTF87QXZE
 |- Actor Path: /Game/TopDown/Maps/TopDownMap.TopDownMap:PersistentLevel.BP_ItemDrop_C_UAID_74563C4BE40F5DB602_1842952061
 |- Actor Package: /Game/__ExternalActors__/TopDown/Maps/TopDownMap/9/G0/CXBJJDQJL9O09XUNRG5YRF
 |- Actor Path: /Game/TopDown/Maps/TopDownMap.TopDownMap:PersistentLevel.BP_ItemDrop_C_UAID_74563C4BE40F5DB602_1845750062
 |- Actor Package: /Game/__ExternalActors__/TopDown/Maps/TopDownMap/1/3Q/SB1JFE2RIW5S658SV6FPP9
 |- Actor Path: /Game/TopDown/Maps/TopDownMap.TopDownMap:PersistentLevel.DirectionalLight_1
 |- Actor Package: /Game/__ExternalActors__/TopDown/Maps/TopDownMap/A/LM/VRK8UAZR3J2TAKS74SHCUD
 |- Actor Path: /Game/TopDown/Maps/TopDownMap.TopDownMap:PersistentLevel.ExponentialHeightFog_1
 |- Actor Package: /Game/__ExternalActors__/TopDown/Maps/TopDownMap/6/BO/BYV4KSLUROOOL33DU1XUWQ
 |- Actor Path: /Game/TopDown/Maps/TopDownMap.TopDownMap:PersistentLevel.NavLinkProxy_3
 |- Actor Package: /Game/__ExternalActors__/TopDown/Maps/TopDownMap/5/UT/JRUWL9PVCAH3XSUMXP4CC1
 |- Actor Path: /Game/TopDown/Maps/TopDownMap.TopDownMap:PersistentLevel.NavMeshBoundsVolume_1
 |- Actor Package: /Game/__ExternalActors__/TopDown/Maps/TopDownMap/0/QS/8AKCSH4RXXQHHQMCR8GO6C
 |- Actor Path: /Game/TopDown/Maps/TopDownMap.TopDownMap:PersistentLevel.PlayerStart_0
 |- Actor Package: /Game/__ExternalActors__/TopDown/Maps/TopDownMap/6/OI/H4CYGWRMJ49ZI6AS2GNGQY
 |- Actor Path: /Game/TopDown/Maps/TopDownMap.TopDownMap:PersistentLevel.PostProcessVolume_1
 |- Actor Package: /Game/__ExternalActors__/TopDown/Maps/TopDownMap/6/VI/ESHAVRHFZFA2JDR9ZAQIOE
 |- Actor Path: /Game/TopDown/Maps/TopDownMap.TopDownMap:PersistentLevel.SkyAtmosphere_1
 |- Actor Package: /Game/__ExternalActors__/TopDown/Maps/TopDownMap/5/YN/TCNGOWDVRBFBJ5YZR7VI7S
 |- Actor Path: /Game/TopDown/Maps/TopDownMap.TopDownMap:PersistentLevel.SkyLight_1
 |- Actor Package: /Game/__ExternalActors__/TopDown/Maps/TopDownMap/E/LR/47NTFRDFK6M7265A1UYTOW
 |- Actor Path: /Game/TopDown/Maps/TopDownMap.TopDownMap:PersistentLevel.StaticMeshActor_17
 |- Actor Package: /Game/__ExternalActors__/TopDown/Maps/TopDownMap/3/RG/XOAZMB5QVL20UGXOCZ1LZK
 |- Actor Path: /Game/TopDown/Maps/TopDownMap.TopDownMap:PersistentLevel.StaticMeshActor_UAID_74563C4BE40F88B602_1152043626
 |- Actor Package: /Game/__ExternalActors__/TopDown/Maps/TopDownMap/8/2I/SHFJ27TQCVOXWM9IJZCTQF
 |- Actor Path: /Game/TopDown/Maps/TopDownMap.TopDownMap:PersistentLevel.StaticMeshActor_UAID_74563C4BE40F88B602_1161143627
 |- Actor Package: /Game/__ExternalActors__/TopDown/Maps/TopDownMap/5/PG/6U9K7UXDWJX7MASRBDKG3V
 |- Actor Path: /Game/TopDown/Maps/TopDownMap.TopDownMap:PersistentLevel.StaticMeshActor_UAID_74563C4BE40F88B602_1180327628
 |- Actor Package: /Game/__ExternalActors__/TopDown/Maps/TopDownMap/C/9A/FKQ5ERZFB70RG6NCZ0GFWO
 |- Actor Path: /Game/TopDown/Maps/TopDownMap.TopDownMap:PersistentLevel.StaticMeshActor_UAID_74563C4BE40F88B602_1203669629
 |- Actor Package: /Game/__ExternalActors__/TopDown/Maps/TopDownMap/4/41/R3QHIV4BV5XLLGJN7GGOPL
 |- Actor Path: /Game/TopDown/Maps/TopDownMap.TopDownMap:PersistentLevel.StaticMeshActor_UAID_74563C4BE40F88B602_1246362630
 |- Actor Package: /Game/__ExternalActors__/TopDown/Maps/TopDownMap/7/E8/52AY6V50V53I2SQR4K4U7D
 |- Actor Path: /Game/TopDown/Maps/TopDownMap.TopDownMap:PersistentLevel.StaticMeshActor_UAID_74563C4BE40F88B602_1260176631
 |- Actor Package: /Game/__ExternalActors__/TopDown/Maps/TopDownMap/0/73/6D1URVUF01783JY7BS5SCS
 |- Actor Path: /Game/TopDown/Maps/TopDownMap.TopDownMap:PersistentLevel.StaticMeshActor_UAID_74563C4BE40F88B602_1274734632
 |- Actor Package: /Game/__ExternalActors__/TopDown/Maps/TopDownMap/D/0K/0ACZ8YGU0RPEB9Y9QMN4HI
 |- Actor Path: /Game/TopDown/Maps/TopDownMap.TopDownMap:PersistentLevel.StaticMeshActor_UAID_A4AE111137DC5CFB00_1660657071
 |- Actor Package: /Game/__ExternalActors__/TopDown/Maps/TopDownMap/C/MV/UE2U7GTDT7WM2AVP83861S
 |- Actor Path: /Game/TopDown/Maps/TopDownMap.TopDownMap:PersistentLevel.VolumetricCloud_0
 |- Actor Package: /Game/__ExternalActors__/TopDown/Maps/TopDownMap/6/GY/HOVAYB977GD5L9YGZ5S1T6
 |- Actor Path: /Game/TopDown/Maps/TopDownMap.TopDownMap:PersistentLevel.WorldDataLayers
 |- Actor Package: /Game/__ExternalActors__/TopDown/Maps/TopDownMap/A/RN/FHX05LPSBNMAJG3SW97PS7

----------------------------------------------------------------------------------------------------------------
TopDownMap - Runtime Hash Set
----------------------------------------------------------------------------------------------------------------

